{
  "RSpec": {
    "coverage": {
      "/home/theboymo/WORK/WEBDEV/COURSE-WORK/edX/saas-book-examples/chap8/rottenpotatoes-rails/spec/controllers/movies_controller_spec.rb": [
        1,
        null,
        null,
        1,
        null,
        1,
        null,
        1,
        null,
        1,
        null,
        null,
        null,
        1,
        null,
        null,
        null,
        null,
        null,
        null,
        null,
        null,
        0,
        null,
        0,
        null,
        null,
        1,
        null,
        1,
        1,
        1,
        null,
        null,
        null,
        1,
        1,
        1,
        null,
        null,
        null,
        1,
        0,
        null,
        null,
        null,
        null,
        null,
        null,
        null
      ],
      "/home/theboymo/WORK/WEBDEV/COURSE-WORK/edX/saas-book-examples/chap8/rottenpotatoes-rails/spec/rails_helper.rb": [
        null,
        1,
        1,
        null,
        1,
        1,
        1,
        null,
        null,
        null,
        null,
        null,
        null,
        null,
        null,
        null,
        null,
        null,
        null,
        null,
        null,
        null,
        null,
        null,
        null,
        null,
        1,
        null,
        1,
        null,
        1,
        null,
        null,
        null,
        null,
        1,
        null,
        null,
        null,
        null,
        null,
        null,
        null,
        null,
        null,
        null,
        null,
        null,
        null,
        null,
        1,
        null
      ],
      "/home/theboymo/WORK/WEBDEV/COURSE-WORK/edX/saas-book-examples/chap8/rottenpotatoes-rails/config/environment.rb": [
        null,
        1,
        null,
        null,
        1
      ],
      "/home/theboymo/WORK/WEBDEV/COURSE-WORK/edX/saas-book-examples/chap8/rottenpotatoes-rails/config/application.rb": [
        1,
        null,
        1,
        null,
        null,
        null,
        1,
        null,
        1,
        1,
        null,
        null,
        null,
        null,
        null,
        null,
        null,
        null,
        null,
        null,
        null,
        null,
        null,
        1,
        null,
        null
      ],
      "/home/theboymo/WORK/WEBDEV/COURSE-WORK/edX/saas-book-examples/chap8/rottenpotatoes-rails/config/boot.rb": [
        1,
        null,
        1
      ],
      "/home/theboymo/WORK/WEBDEV/COURSE-WORK/edX/saas-book-examples/chap8/rottenpotatoes-rails/config/environments/test.rb": [
        1,
        null,
        null,
        null,
        null,
        null,
        null,
        1,
        null,
        null,
        null,
        null,
        1,
        null,
        null,
        1,
        1,
        null,
        null,
        1,
        1,
        null,
        null,
        1,
        null,
        null,
        1,
        null,
        null,
        null,
        null,
        1,
        null,
        null,
        1,
        null,
        null,
        1,
        null,
        null,
        null,
        null
      ],
      "/home/theboymo/WORK/WEBDEV/COURSE-WORK/edX/saas-book-examples/chap8/rottenpotatoes-rails/config/initializers/assets.rb": [
        null,
        null,
        null,
        1,
        null,
        null,
        null,
        null,
        null,
        null,
        null
      ],
      "/home/theboymo/WORK/WEBDEV/COURSE-WORK/edX/saas-book-examples/chap8/rottenpotatoes-rails/config/initializers/backtrace_silencers.rb": [
        null,
        null,
        null,
        null,
        null,
        null,
        null
      ],
      "/home/theboymo/WORK/WEBDEV/COURSE-WORK/edX/saas-book-examples/chap8/rottenpotatoes-rails/config/initializers/cookies_serializer.rb": [
        null,
        null,
        1
      ],
      "/home/theboymo/WORK/WEBDEV/COURSE-WORK/edX/saas-book-examples/chap8/rottenpotatoes-rails/config/initializers/filter_parameter_logging.rb": [
        null,
        null,
        null,
        1
      ],
      "/home/theboymo/WORK/WEBDEV/COURSE-WORK/edX/saas-book-examples/chap8/rottenpotatoes-rails/config/initializers/inflections.rb": [
        null,
        null,
        null,
        null,
        null,
        null,
        null,
        null,
        null,
        null,
        null,
        null,
        null,
        null,
        null,
        null
      ],
      "/home/theboymo/WORK/WEBDEV/COURSE-WORK/edX/saas-book-examples/chap8/rottenpotatoes-rails/config/initializers/mime_types.rb": [
        null,
        null,
        null,
        null
      ],
      "/home/theboymo/WORK/WEBDEV/COURSE-WORK/edX/saas-book-examples/chap8/rottenpotatoes-rails/config/initializers/session_store.rb": [
        null,
        null,
        1
      ],
      "/home/theboymo/WORK/WEBDEV/COURSE-WORK/edX/saas-book-examples/chap8/rottenpotatoes-rails/config/initializers/wrap_parameters.rb": [
        null,
        null,
        null,
        null,
        null,
        null,
        1,
        1,
        null,
        null,
        null,
        null,
        null,
        null
      ],
      "/home/theboymo/WORK/WEBDEV/COURSE-WORK/edX/saas-book-examples/chap8/rottenpotatoes-rails/spec/factories/movie.rb": [
        1,
        null,
        1,
        1,
        1,
        1,
        null,
        null,
        null
      ],
      "/home/theboymo/WORK/WEBDEV/COURSE-WORK/edX/saas-book-examples/chap8/rottenpotatoes-rails/config/routes.rb": [
        1,
        1,
        null,
        1,
        null,
        1,
        null,
        null
      ],
      "/home/theboymo/WORK/WEBDEV/COURSE-WORK/edX/saas-book-examples/chap8/rottenpotatoes-rails/app/helpers/application_helper.rb": [
        1,
        null
      ],
      "/home/theboymo/WORK/WEBDEV/COURSE-WORK/edX/saas-book-examples/chap8/rottenpotatoes-rails/app/helpers/movies_helper.rb": [
        1,
        null,
        1,
        0,
        null,
        null,
        null
      ],
      "/home/theboymo/WORK/WEBDEV/COURSE-WORK/edX/saas-book-examples/chap8/rottenpotatoes-rails/app/controllers/movies_controller.rb": [
        1,
        1,
        null,
        1,
        null,
        null,
        null,
        1,
        null,
        null,
        1,
        0,
        null,
        null,
        1,
        0,
        0,
        null,
        null,
        null,
        1,
        0,
        0,
        0,
        0,
        0,
        null,
        null,
        0,
        0,
        0,
        0,
        0,
        0,
        null,
        null,
        null,
        null,
        1,
        null,
        null,
        null,
        1,
        0,
        0,
        0,
        null,
        null,
        1,
        0,
        null,
        null,
        1,
        0,
        0,
        0,
        0,
        null,
        null,
        1,
        0,
        0,
        0,
        0,
        null,
        null,
        1,
        1,
        0,
        0,
        0,
        0,
        0,
        0,
        null,
        null,
        null,
        1,
        0,
        0,
        null,
        null,
        1,
        0,
        0,
        0,
        0,
        0,
        0,
        0,
        null,
        null,
        null,
        null
      ],
      "/home/theboymo/WORK/WEBDEV/COURSE-WORK/edX/saas-book-examples/chap8/rottenpotatoes-rails/app/controllers/application_controller.rb": [
        1,
        null,
        null,
        1,
        null
      ],
      "/home/theboymo/WORK/WEBDEV/COURSE-WORK/edX/saas-book-examples/chap8/rottenpotatoes-rails/app/models/movie.rb": [
        1,
        null,
        null,
        1,
        null,
        1,
        0,
        null,
        null,
        1,
        null,
        0,
        0,
        0,
        0,
        null,
        null,
        null,
        1,
        0,
        null,
        null,
        null
      ]
    },
    "timestamp": 1513773096
  },
  "Cucumber Features": {
    "coverage": {
      "/home/theboymo/WORK/WEBDEV/COURSE-WORK/edX/saas-book-examples/review/chap8/rottenpotatoes/config/environment.rb": [
        null,
        1,
        null,
        null,
        1
      ],
      "/home/theboymo/WORK/WEBDEV/COURSE-WORK/edX/saas-book-examples/review/chap8/rottenpotatoes/config/application.rb": [
        1,
        null,
        1,
        null,
        null,
        null,
        1,
        null,
        1,
        1,
        null,
        null,
        null,
        null,
        null,
        null,
        null,
        null,
        null,
        null,
        null,
        null,
        null,
        1,
        null,
        null
      ],
      "/home/theboymo/WORK/WEBDEV/COURSE-WORK/edX/saas-book-examples/review/chap8/rottenpotatoes/config/boot.rb": [
        1,
        null,
        1
      ],
      "/home/theboymo/WORK/WEBDEV/COURSE-WORK/edX/saas-book-examples/review/chap8/rottenpotatoes/config/environments/test.rb": [
        1,
        null,
        null,
        null,
        null,
        null,
        null,
        1,
        null,
        null,
        null,
        null,
        1,
        null,
        null,
        1,
        1,
        null,
        null,
        1,
        1,
        null,
        null,
        1,
        null,
        null,
        1,
        null,
        null,
        null,
        null,
        1,
        null,
        null,
        1,
        null,
        null,
        1,
        null,
        null,
        null,
        null
      ],
      "/home/theboymo/WORK/WEBDEV/COURSE-WORK/edX/saas-book-examples/review/chap8/rottenpotatoes/config/initializers/assets.rb": [
        null,
        null,
        null,
        1,
        null,
        null,
        null,
        null,
        null,
        null,
        null
      ],
      "/home/theboymo/WORK/WEBDEV/COURSE-WORK/edX/saas-book-examples/review/chap8/rottenpotatoes/config/initializers/backtrace_silencers.rb": [
        null,
        null,
        null,
        null,
        null,
        null,
        null
      ],
      "/home/theboymo/WORK/WEBDEV/COURSE-WORK/edX/saas-book-examples/review/chap8/rottenpotatoes/config/initializers/cookies_serializer.rb": [
        null,
        null,
        1
      ],
      "/home/theboymo/WORK/WEBDEV/COURSE-WORK/edX/saas-book-examples/review/chap8/rottenpotatoes/config/initializers/filter_parameter_logging.rb": [
        null,
        null,
        null,
        1
      ],
      "/home/theboymo/WORK/WEBDEV/COURSE-WORK/edX/saas-book-examples/review/chap8/rottenpotatoes/config/initializers/inflections.rb": [
        null,
        null,
        null,
        null,
        null,
        null,
        null,
        null,
        null,
        null,
        null,
        null,
        null,
        null,
        null,
        null
      ],
      "/home/theboymo/WORK/WEBDEV/COURSE-WORK/edX/saas-book-examples/review/chap8/rottenpotatoes/config/initializers/mime_types.rb": [
        null,
        null,
        null,
        null
      ],
      "/home/theboymo/WORK/WEBDEV/COURSE-WORK/edX/saas-book-examples/review/chap8/rottenpotatoes/config/initializers/session_store.rb": [
        null,
        null,
        1
      ],
      "/home/theboymo/WORK/WEBDEV/COURSE-WORK/edX/saas-book-examples/review/chap8/rottenpotatoes/config/initializers/wrap_parameters.rb": [
        null,
        null,
        null,
        null,
        null,
        null,
        1,
        1,
        null,
        null,
        null,
        null,
        null,
        null
      ],
      "/home/theboymo/WORK/WEBDEV/COURSE-WORK/edX/saas-book-examples/review/chap8/rottenpotatoes/spec/factories/movie.rb": [
        1,
        null,
        1,
        1,
        1,
        1,
        null,
        null,
        null
      ],
      "/home/theboymo/WORK/WEBDEV/COURSE-WORK/edX/saas-book-examples/review/chap8/rottenpotatoes/config/routes.rb": [
        1,
        1,
        null,
        1,
        null,
        1,
        null,
        null
      ],
      "/home/theboymo/WORK/WEBDEV/COURSE-WORK/edX/saas-book-examples/review/chap8/rottenpotatoes/features/support/paths.rb": [
        null,
        null,
        null,
        null,
        null,
        1,
        null,
        null,
        null,
        null,
        null,
        null,
        1,
        7,
        null,
        null,
        0,
        null,
        null,
        5,
        null,
        null,
        1,
        null,
        null,
        null,
        null,
        null,
        null,
        null,
        null,
        1,
        1,
        1,
        1,
        1,
        1,
        null,
        null,
        null,
        null,
        null,
        null,
        1
      ],
      "/home/theboymo/WORK/WEBDEV/COURSE-WORK/edX/saas-book-examples/review/chap8/rottenpotatoes/features/support/rspec.rb": [
        1,
        null,
        1,
        1,
        1,
        null,
        1,
        1,
        null,
        null
      ],
      "/home/theboymo/WORK/WEBDEV/COURSE-WORK/edX/saas-book-examples/review/chap8/rottenpotatoes/features/support/selectors.rb": [
        null,
        null,
        null,
        null,
        null,
        1,
        null,
        null,
        null,
        null,
        null,
        null,
        1,
        0,
        null,
        null,
        0,
        null,
        null,
        null,
        null,
        null,
        null,
        null,
        null,
        null,
        null,
        null,
        null,
        null,
        null,
        null,
        null,
        null,
        0,
        null,
        null,
        0,
        null,
        null,
        null,
        null,
        null,
        1
      ],
      "/home/theboymo/WORK/WEBDEV/COURSE-WORK/edX/saas-book-examples/review/chap8/rottenpotatoes/features/step_definitions/web_steps.rb": [
        null,
        null,
        null,
        null,
        null,
        null,
        null,
        null,
        null,
        null,
        null,
        null,
        null,
        null,
        null,
        null,
        null,
        null,
        null,
        null,
        null,
        1,
        1,
        1,
        1,
        null,
        1,
        1,
        0,
        null,
        null,
        1,
        null,
        null,
        1,
        0,
        null,
        null,
        null,
        1,
        0,
        null,
        null,
        1,
        3,
        null,
        null,
        1,
        0,
        null,
        null,
        1,
        3,
        null,
        null,
        1,
        1,
        null,
        null,
        1,
        3,
        null,
        null,
        1,
        0,
        null,
        null,
        null,
        null,
        null,
        null,
        null,
        null,
        null,
        null,
        null,
        null,
        null,
        1,
        0,
        0,
        null,
        null,
        null,
        1,
        1,
        null,
        null,
        1,
        0,
        null,
        null,
        1,
        0,
        null,
        null,
        1,
        0,
        null,
        null,
        1,
        0,
        null,
        null,
        1,
        4,
        4,
        null,
        0,
        null,
        null,
        null,
        1,
        0,
        null,
        0,
        0,
        null,
        0,
        null,
        null,
        null,
        1,
        0,
        0,
        null,
        0,
        null,
        null,
        null,
        1,
        0,
        null,
        0,
        0,
        null,
        0,
        null,
        null,
        null,
        1,
        0,
        0,
        0,
        0,
        0,
        null,
        0,
        null,
        null,
        null,
        null,
        1,
        0,
        0,
        0,
        0,
        0,
        null,
        0,
        null,
        null,
        null,
        null,
        1,
        0,
        0,
        null,
        0,
        0,
        0,
        null,
        0,
        0,
        null,
        0,
        null,
        null,
        0,
        0,
        0,
        0,
        null,
        0,
        null,
        null,
        0,
        0,
        0,
        null,
        0,
        null,
        null,
        null,
        null,
        1,
        0,
        0,
        0,
        0,
        0,
        null,
        0,
        0,
        null,
        null,
        null,
        1,
        0,
        0,
        0,
        0,
        null,
        0,
        null,
        null,
        null,
        null,
        1,
        0,
        0,
        0,
        0,
        null,
        0,
        null,
        null,
        null,
        null,
        1,
        4,
        4,
        4,
        null,
        0,
        null,
        null,
        null,
        1,
        0,
        0,
        0,
        0,
        null,
        0,
        0,
        null,
        0,
        null,
        null,
        null,
        1,
        0,
        null
      ],
      "/home/theboymo/WORK/WEBDEV/COURSE-WORK/edX/saas-book-examples/review/chap8/rottenpotatoes/app/controllers/movies_controller.rb": [
        1,
        1,
        null,
        1,
        2,
        2,
        null,
        null,
        1,
        1,
        null,
        null,
        1,
        0,
        0,
        null,
        null,
        null,
        1,
        6,
        6,
        6,
        6,
        6,
        null,
        null,
        6,
        0,
        6,
        0,
        6,
        0,
        null,
        null,
        null,
        null,
        1,
        null,
        null,
        null,
        1,
        1,
        1,
        1,
        null,
        null,
        1,
        0,
        null,
        null,
        1,
        0,
        0,
        0,
        0,
        null,
        null,
        1,
        0,
        0,
        0,
        0,
        null,
        null,
        1,
        1,
        0,
        0,
        0,
        0,
        0,
        0,
        null,
        null,
        null,
        1,
        0,
        0,
        null,
        null,
        1,
        0,
        0,
        0,
        0,
        0,
        0,
        0,
        null,
        null,
        null,
        null
      ],
      "/home/theboymo/WORK/WEBDEV/COURSE-WORK/edX/saas-book-examples/review/chap8/rottenpotatoes/app/controllers/application_controller.rb": [
        1,
        null,
        null,
        1,
        null
      ],
      "/home/theboymo/WORK/WEBDEV/COURSE-WORK/edX/saas-book-examples/review/chap8/rottenpotatoes/app/helpers/application_helper.rb": [
        1,
        null
      ],
      "/home/theboymo/WORK/WEBDEV/COURSE-WORK/edX/saas-book-examples/review/chap8/rottenpotatoes/app/helpers/movies_helper.rb": [
        1,
        null,
        1,
        0,
        null,
        null,
        null
      ],
      "/home/theboymo/WORK/WEBDEV/COURSE-WORK/edX/saas-book-examples/review/chap8/rottenpotatoes/app/models/movie.rb": [
        1,
        null,
        null,
        1,
        null,
        1,
        19,
        null,
        null,
        null,
        1,
        0,
        null,
        null,
        null
      ]
    },
    "timestamp": 1515871331
  }
}
